#
# There is insufficient memory for the Java Runtime Environment to continue.
# Native memory allocation (malloc) failed to allocate 1048576 bytes for AllocateHeap
# Possible reasons:
#   The system is out of physical RAM or swap space
#   In 32 bit mode, the process size limit was hit
# Possible solutions:
#   Reduce memory load on the system
#   Increase physical memory or swap space
#   Check if swap backing store is full
#   Use 64 bit Java on a 64 bit OS
#   Decrease Java heap size (-Xmx/-Xms)
#   Decrease number of Java threads
#   Decrease Java thread stack sizes (-Xss)
#   Set larger code cache with -XX:ReservedCodeCacheSize=
# This output file may be truncated or incomplete.
#
#  Out of Memory Error (memory/allocation.inline.hpp:61), pid=21584, tid=0x0000000000006f68
#
# JRE version:  (8.0_121-b13) (build )
# Java VM: Java HotSpot(TM) 64-Bit Server VM (25.121-b13 mixed mode windows-amd64 compressed oops)
# Failed to write core dump. Minidumps are not enabled by default on client versions of Windows
#

---------------  T H R E A D  ---------------

Current thread (0x0000000003696800):  JavaThread "Unknown thread" [_thread_in_vm, id=28520, stack(0x0000000003590000,0x0000000003690000)]

Stack: [0x0000000003590000,0x0000000003690000]
[error occurred during error reporting (printing stack bounds), id 0xc0000005]

Native frames: (J=compiled Java code, j=interpreted, Vv=VM code, C=native code)


---------------  P R O C E S S  ---------------

Java Threads: ( => current thread )

Other Threads:

=>0x0000000003696800 (exited) JavaThread "Unknown thread" [_thread_in_vm, id=28520, stack(0x0000000003590000,0x0000000003690000)]

VM state:not at safepoint (normal execution)

VM Mutex/Monitor currently owned by a thread: None

Heap:
 PSYoungGen      total 38400K, used 665K [0x00000000d5580000, 0x00000000d8000000, 0x0000000100000000)
  eden space 33280K, 2% used [0x00000000d5580000,0x00000000d5626670,0x00000000d7600000)
  from space 5120K, 0% used [0x00000000d7b00000,0x00000000d7b00000,0x00000000d8000000)
  to   space 5120K, 0% used [0x00000000d7600000,0x00000000d7600000,0x00000000d7b00000)
 ParOldGen       total 87552K, used 0K [0x0000000080000000, 0x0000000085580000, 0x00000000d5580000)
  object space 87552K, 0% used [0x0000000080000000,0x0000000080000000,0x0000000085580000)
 Metaspace       used 746K, capacity 4480K, committed 4480K, reserved 1056768K
  class space    used 75K, capacity 384K, committed 384K, reserved 1048576K

Card table byte_map: [0x0000000012b50000,0x0000000012f60000] byte_map_base: 0x0000000012750000

Marking Bits: (ParMarkBitMap*) 0x000000005b7eb6d0
 Begin Bits: [0x0000000013610000, 0x0000000015610000)
 End Bits:   [0x0000000015610000, 0x0000000017610000)

Polling page: 0x0000000003440000

CodeCache: size=245760Kb used=328Kb max_used=328Kb free=245431Kb
 bounds [0x0000000003790000, 0x0000000003a00000, 0x0000000012790000]
 total_blobs=57 nmethods=0 adapters=38
 compilation: enabled

Compilation events (0 events):
No events

GC Heap History (0 events):
No events

Deoptimization events (0 events):
No events

Internal exceptions (0 events):
No events

Events (10 events):
Event: 0.050 loading class java/lang/Short
Event: 0.050 loading class java/lang/Short done
Event: 0.050 loading class java/lang/Integer
Event: 0.050 loading class java/lang/Integer done
Event: 0.050 loading class java/lang/Long
Event: 0.050 loading class java/lang/Long done
Event: 0.051 loading class java/lang/NullPointerException
Event: 0.051 loading class java/lang/NullPointerException done
Event: 0.051 loading class java/lang/ArithmeticException
Event: 0.051 loading class java/lang/ArithmeticException done


Dynamic libraries:
0x00007ff619cc0000 - 0x00007ff619cf7000 	C:\Program Files\Java\jre1.8.0_121\bin\javaw.exe
0x00007ffb32340000 - 0x00007ffb32521000 	C:\WINDOWS\SYSTEM32\ntdll.dll
0x00007ffb2fd70000 - 0x00007ffb2fe22000 	C:\WINDOWS\System32\KERNEL32.DLL
0x00007ffb2f4b0000 - 0x00007ffb2f723000 	C:\WINDOWS\System32\KERNELBASE.dll
0x00007ffb31830000 - 0x00007ffb318d1000 	C:\WINDOWS\System32\ADVAPI32.dll
0x00007ffb31a40000 - 0x00007ffb31ade000 	C:\WINDOWS\System32\msvcrt.dll
0x00007ffb31ae0000 - 0x00007ffb31b3b000 	C:\WINDOWS\System32\sechost.dll
0x00007ffb31bd0000 - 0x00007ffb31cf4000 	C:\WINDOWS\System32\RPCRT4.dll
0x00007ffb31d80000 - 0x00007ffb31f10000 	C:\WINDOWS\System32\USER32.dll
0x00007ffb2f490000 - 0x00007ffb2f4b0000 	C:\WINDOWS\System32\win32u.dll
0x00007ffb30060000 - 0x00007ffb30088000 	C:\WINDOWS\System32\GDI32.dll
0x00007ffb2f2f0000 - 0x00007ffb2f482000 	C:\WINDOWS\System32\gdi32full.dll
0x00007ffb2f730000 - 0x00007ffb2f7cf000 	C:\WINDOWS\System32\msvcp_win.dll
0x00007ffb2f140000 - 0x00007ffb2f23a000 	C:\WINDOWS\System32\ucrtbase.dll
0x00007ffb2c8e0000 - 0x00007ffb2cb49000 	C:\WINDOWS\WinSxS\amd64_microsoft.windows.common-controls_6595b64144ccf1df_6.0.17134.472_none_fb3f9af53068156d\COMCTL32.dll
0x00007ffb31fe0000 - 0x00007ffb32302000 	C:\WINDOWS\System32\combase.dll
0x00007ffb2e7c0000 - 0x00007ffb2e83a000 	C:\WINDOWS\System32\bcryptPrimitives.dll
0x00007ffb314d0000 - 0x00007ffb314fd000 	C:\WINDOWS\System32\IMM32.DLL
0x00007ffb2e4f0000 - 0x00007ffb2e54d000 	C:\Program Files\Citrix\System32\MfApHook64.dll
0x00007ffb2de40000 - 0x00007ffb2de6b000 	C:\Program Files\Citrix\ICAService\CtxDodHook64.dll
0x00007ffb2e410000 - 0x00007ffb2e442000 	C:\Program Files\Citrix\ICAService\picaFullScreenHookX64.dll
0x00007ffb2ddf0000 - 0x00007ffb2de3e000 	C:\Program Files\Citrix\ICAService\ShellHook64.dll
0x00007ffb30090000 - 0x00007ffb314d0000 	C:\WINDOWS\System32\SHELL32.dll
0x00007ffb2f2a0000 - 0x00007ffb2f2e9000 	C:\WINDOWS\System32\cfgmgr32.dll
0x00007ffb2fe30000 - 0x00007ffb2fed9000 	C:\WINDOWS\System32\shcore.dll
0x00007ffb2e840000 - 0x00007ffb2ef4d000 	C:\WINDOWS\System32\windows.storage.dll
0x00007ffb31b70000 - 0x00007ffb31bc1000 	C:\WINDOWS\System32\shlwapi.dll
0x00007ffb2e6a0000 - 0x00007ffb2e6b1000 	C:\WINDOWS\System32\kernel.appcore.dll
0x00007ffb2e660000 - 0x00007ffb2e67f000 	C:\WINDOWS\System32\profapi.dll
0x00007ffb2e6c0000 - 0x00007ffb2e70c000 	C:\WINDOWS\System32\powrprof.dll
0x00007ffb2e650000 - 0x00007ffb2e65a000 	C:\WINDOWS\System32\FLTLIB.DLL
0x00007ffb2dc50000 - 0x00007ffb2ddcc000 	C:\Program Files\Citrix\ICAService\SCardHook64.dll
0x00007ffb2d950000 - 0x00007ffb2d97a000 	C:\Program Files\Citrix\ICAService\cxinjime64.dll
0x00007ffb2d900000 - 0x00007ffb2d948000 	C:\Program Files\Citrix\ICAService\PicaWtsHook64.dll
0x000000005abe0000 - 0x000000005acb2000 	C:\Program Files\Java\jre1.8.0_121\bin\msvcr100.dll
0x000000005afd0000 - 0x000000005b86b000 	C:\Program Files\Java\jre1.8.0_121\bin\server\jvm.dll
0x00007ffb31b60000 - 0x00007ffb31b68000 	C:\WINDOWS\System32\PSAPI.DLL
0x00007ffb28030000 - 0x00007ffb28053000 	C:\WINDOWS\SYSTEM32\WINMM.dll
0x00007ffb2e300000 - 0x00007ffb2e30a000 	C:\WINDOWS\SYSTEM32\VERSION.dll
0x00007ffb1cd60000 - 0x00007ffb1cd69000 	C:\WINDOWS\SYSTEM32\WSOCK32.dll
0x00007ffb28000000 - 0x00007ffb2802a000 	C:\WINDOWS\SYSTEM32\WINMMBASE.dll
0x00007ffb31710000 - 0x00007ffb3177c000 	C:\WINDOWS\System32\WS2_32.dll
0x000000005bb60000 - 0x000000005bb6f000 	C:\Program Files\Java\jre1.8.0_121\bin\verify.dll
0x000000005bb30000 - 0x000000005bb59000 	C:\Program Files\Java\jre1.8.0_121\bin\java.dll
0x000000005bb10000 - 0x000000005bb26000 	C:\Program Files\Java\jre1.8.0_121\bin\zip.dll

VM Arguments:
jvm_args: -Dcom.sun.management.jmxremote -Dcom.sun.management.jmxremote.port=50928 -Dcom.sun.management.jmxremote.authenticate=false -Dcom.sun.management.jmxremote.ssl=false -Djava.rmi.server.hostname=localhost -Dspring.liveBeansView.mbeanDomain -Dspring.application.admin.enabled=true -Xverify:none -XX:TieredStopAtLevel=1 -Dfile.encoding=UTF-8 
java_command: com.tripeasy.web.TripEasy.TripEasyApplication --spring.output.ansi.enabled=always
java_class_path (initial): C:\Users\pparaska\Desktop\Tripweb\website\target\classes;C:\Users\pparaska\.m2\repository\jstl\jstl\1.2\jstl-1.2.jar;C:\Users\pparaska\.m2\repository\org\apache\tomcat\embed\tomcat-embed-jasper\9.0.12\tomcat-embed-jasper-9.0.12.jar;C:\Users\pparaska\.m2\repository\org\apache\tomcat\embed\tomcat-embed-core\9.0.12\tomcat-embed-core-9.0.12.jar;C:\Users\pparaska\.m2\repository\org\apache\tomcat\tomcat-annotations-api\9.0.12\tomcat-annotations-api-9.0.12.jar;C:\Users\pparaska\.m2\repository\org\apache\tomcat\embed\tomcat-embed-el\9.0.12\tomcat-embed-el-9.0.12.jar;C:\Users\pparaska\.m2\repository\org\eclipse\jdt\ecj\3.13.102\ecj-3.13.102.jar;C:\Users\pparaska\.m2\repository\org\springframework\boot\spring-boot-starter-actuator\2.1.0.RELEASE\spring-boot-starter-actuator-2.1.0.RELEASE.jar;C:\Users\pparaska\.m2\repository\org\springframework\boot\spring-boot-starter\2.1.0.RELEASE\spring-boot-starter-2.1.0.RELEASE.jar;C:\Users\pparaska\.m2\repository\org\springframework\boot\spring-boot-starter-logging\2.1.0.RELEASE\spring-boot-starter-logging-2.1.0.RELEASE.jar;C:\Users\pparaska\.m2\repository\ch\qos\logback\logback-classic\1.2.3\logback-classic-1.2.3.jar;C:\Users\pparaska\.m2\repository\ch\qos\logback\logback-core\1.2.3\logback-core-1.2.3.jar;C:\Users\pparaska\.m2\repository\org\apache\logging\log4j\log4j-to-slf4j\2.11.1\log4j-to-slf4j-2.11.1.jar;C:\Users\pparaska\.m2\repository\org\apache\logging\log4j\log4j-api\2.11.1\log4j-api-2.11.1.jar;C:\Users\pparaska\.m2\repository\org\slf4j\jul-to-slf4j\1.7.25\jul-to-slf4j-1.7.25.jar;C:\Users\pparaska\.m2\repository\javax\annotation\javax.annotation-api\1.3.2\javax.annotation-api-1.3.2.jar;C:\Users\pparaska\.m2\repository\org\yaml\snakeyaml\1.23\snakeyaml-1.23.jar;C:\Users\pparaska\.m2\repository\org\springframework\boot\spring-boot-actuator-autoconfigure\2.1.0.RELEASE\spring-boot-actuator-autoconfigure-2.1.0.RELEASE.jar;C:\Users\pparaska\.m2\repository\org\springframework\boot\spring-boot-actuator\2.1.0
Launcher Type: SUN_STANDARD

Environment Variables:
PATH=C:/Program Files/Java/jre1.8.0_121/bin/server;C:/Program Files/Java/jre1.8.0_121/bin;C:/Program Files/Java/jre1.8.0_121/lib/amd64;C:\Python34\;C:\Python34\Scripts;C:\oraclexe\app\oracle\product\11.2.0\server\bin;C:\ProgramData\Oracle\Java\javapath;C:\WINDOWS\system32;C:\WINDOWS;C:\WINDOWS\System32\Wbem;C:\WINDOWS\System32\WindowsPowerShell\v1.0\;C:\Program Files\TortoiseSVN\bin;C:\Program Files\nodejs\;C:\Program Files\Git\cmd;C:\Program Files (x86)\Microsoft SQL Server\110\Tools\Binn\ManagementStudio\;C:\Program Files (x86)\Microsoft SQL Server\110\Tools\Binn\;C:\Program Files (x86)\Microsoft SQL Server\110\DTS\Binn\;C:\Program Files\Citrix\System32\;C:\Program Files\Citrix\ICAService\;C:\WINDOWS\System32\OpenSSH\;C:\Users\pparaska\AppData\Local\Microsoft\WindowsApps;;C:\Users\pparaska\Downloads\sts-bundle\sts-3.9.7.RELEASE;
USERNAME=pparaska
OS=Windows_NT
PROCESSOR_IDENTIFIER=Intel64 Family 15 Model 6 Stepping 1, GenuineIntel



---------------  S Y S T E M  ---------------

OS: Windows 10.0 , 64 bit Build 17134 (10.0.17134.1)

CPU:total 4 (2 cores per cpu, 1 threads per core) family 15 model 6 stepping 1, cmov, cx8, fxsr, mmx, sse, sse2, sse3, ssse3, sse4.1, sse4.2, popcnt, avx, avx2, aes, clmul, erms, rtm, 3dnowpref, lzcnt, tsc, bmi1, bmi2, adx

Memory: 4k page, physical 8388056k(1272316k free), swap 18697820k(4296k free)

vm_info: Java HotSpot(TM) 64-Bit Server VM (25.121-b13) for windows-amd64 JRE (1.8.0_121-b13), built on Dec 12 2016 18:21:36 by "java_re" with MS VC++ 10.0 (VS2010)

time: Wed Feb 20 12:22:15 2019
elapsed time: 0 seconds (0d 0h 0m 0s)

